Using pre-set license
Built from '2023.2/staging' branch; Version is '2023.2.3f1 (21747dafc6ee) revision 2192509'; Using compiler version '193431935'; Build Type 'Release'
OS: 'Windows 10  (10.0.19045) 64bit Education' Language: 'ko' Physical Memory: 32694 MB
BatchMode: 1, IsHumanControllingUs: 0, StartBugReporterOnCrash: 0, Is64bit: 1, IsPro: 1

COMMAND LINE ARGUMENTS:
C:\Program Files\Unity 2023.2.3f1\Editor\Unity.exe
-adb2
-batchMode
-noUpm
-name
AssetImportWorker2
-projectPath
C:/Users/박서연/Desktop/Unity Projects/3DModellingPlace
-logFile
Logs/AssetImportWorker2.log
-srvPort
52141
-job-worker-count
5
-background-job-worker-count
8
-asset-garbage-collectors
1
Successfully changed project path to: C:/Users/박서연/Desktop/Unity Projects/3DModellingPlace
C:/Users/박서연/Desktop/Unity Projects/3DModellingPlace
[UnityMemory] Configuration Parameters - Can be set up in boot.config
    "memorysetup-bucket-allocator-granularity=16"
    "memorysetup-bucket-allocator-bucket-count=8"
    "memorysetup-bucket-allocator-block-size=33554432"
    "memorysetup-bucket-allocator-block-count=8"
    "memorysetup-main-allocator-block-size=16777216"
    "memorysetup-thread-allocator-block-size=16777216"
    "memorysetup-gfx-main-allocator-block-size=16777216"
    "memorysetup-gfx-thread-allocator-block-size=16777216"
    "memorysetup-cache-allocator-block-size=4194304"
    "memorysetup-typetree-allocator-block-size=2097152"
    "memorysetup-profiler-bucket-allocator-granularity=16"
    "memorysetup-profiler-bucket-allocator-bucket-count=8"
    "memorysetup-profiler-bucket-allocator-block-size=33554432"
    "memorysetup-profiler-bucket-allocator-block-count=8"
    "memorysetup-profiler-allocator-block-size=16777216"
    "memorysetup-profiler-editor-allocator-block-size=1048576"
    "memorysetup-temp-allocator-size-main=16777216"
    "memorysetup-job-temp-allocator-block-size=2097152"
    "memorysetup-job-temp-allocator-block-size-background=1048576"
    "memorysetup-job-temp-allocator-reduction-small-platforms=262144"
    "memorysetup-allocator-temp-initial-block-size-main=262144"
    "memorysetup-allocator-temp-initial-block-size-worker=262144"
    "memorysetup-temp-allocator-size-background-worker=32768"
    "memorysetup-temp-allocator-size-job-worker=262144"
    "memorysetup-temp-allocator-size-preload-manager=33554432"
    "memorysetup-temp-allocator-size-nav-mesh-worker=65536"
    "memorysetup-temp-allocator-size-audio-worker=65536"
    "memorysetup-temp-allocator-size-cloud-worker=32768"
    "memorysetup-temp-allocator-size-gi-baking-worker=262144"
    "memorysetup-temp-allocator-size-gi-baking-worker=262144"
    "memorysetup-temp-allocator-size-gi-baking-worker=262144"
    "memorysetup-temp-allocator-size-gi-baking-worker=262144"
    "memorysetup-temp-allocator-size-gfx=262144"
Player connection [10456] Host "[IP] 210.94.178.233 [Port] 0 [Flags] 2 [Guid] 2518462632 [EditorId] 2518462632 [Version] 1048832 [Id] WindowsEditor(7,DESKTOP-S59174H) [Debug] 1 [PackageName] WindowsEditor [ProjectName] Editor" joined multi-casting on [225.0.0.222:54997]...
Player connection [10456] Host "[IP] 210.94.178.233 [Port] 0 [Flags] 2 [Guid] 2518462632 [EditorId] 2518462632 [Version] 1048832 [Id] WindowsEditor(7,DESKTOP-S59174H) [Debug] 1 [PackageName] WindowsEditor [ProjectName] Editor" joined alternative multi-casting on [225.0.0.222:34997]...
JobSystem: Creating JobQueue using job-worker-count value 5
[Physics::Module] Initialized MultithreadedJobDispatcher with 5 workers.
Library Redirect Path: Library/
Refreshing native plugins compatible for Editor in 1.42 ms, found 3 plugins.
Preloading 0 native plugins for Editor in 0.00 ms.
Initialize engine version: 2023.2.3f1 (21747dafc6ee)
[Subsystems] Discovering subsystems at path C:/Program Files/Unity 2023.2.3f1/Editor/Data/Resources/UnitySubsystems
[Subsystems] Discovering subsystems at path C:/Users/박서연/Desktop/Unity Projects/3DModellingPlace/Assets
GfxDevice: creating device client; kGfxThreadingModeNonThreaded
Direct3D:
    Version:  Direct3D 11.0 [level 11.1]
    Renderer: NVIDIA GeForce GTX 1650 (ID=0x1f82)
    Vendor:   NVIDIA
    VRAM:     3962 MB
    Driver:   27.21.14.5751
Initialize mono
Mono path[0] = 'C:/Program Files/Unity 2023.2.3f1/Editor/Data/Managed'
Mono path[1] = 'C:/Program Files/Unity 2023.2.3f1/Editor/Data/MonoBleedingEdge/lib/mono/unityjit-win32'
Mono config path = 'C:/Program Files/Unity 2023.2.3f1/Editor/Data/MonoBleedingEdge/etc'
Using monoOptions --debugger-agent=transport=dt_socket,embedding=1,server=y,suspend=n,address=127.0.0.1:56292
Begin MonoManager ReloadAssembly
C:\build\output\Unity-Technologies\mono\mono\metadata\icall.c:1842:
C:\build\output\Unity-Technologies\mono\mono\metadata\icall.c:1842:
C:\build\output\Unity-Technologies\mono\mono\metadata\icall.c:1842:
C:\build\output\Unity-Technologies\mono\mono\metadata\icall.c:1842:
C:\build\output\Unity-Technologies\mono\mono\metadata\icall.c:1842:
C:\build\output\Unity-Technologies\mono\mono\metadata\icall.c:1842:
C:\build\output\Unity-Technologies\mono\mono\metadata\icall.c:1842:
C:\build\output\Unity-Technologies\mono\mono\metadata\icall.c:1842:
C:\build\output\Unity-Technologies\mono\mono\metadata\icall.c:1842:
C:\build\output\Unity-Technologies\mono\mono\metadata\icall.c:1842:
Registering precompiled unity dll's ...
Register platform support module: C:/Program Files/Unity 2023.2.3f1/Editor/Data/PlaybackEngines/WindowsStandaloneSupport/UnityEditor.WindowsStandalone.Extensions.dll
Registered in 0.012769 seconds.
- Loaded All Assemblies, in  0.484 seconds
Native extension for WindowsStandalone target not found
Mono: successfully reloaded assembly
C:\build\output\Unity-Technologies\mono\mono\metadata\icall.c:1842:
C:\build\output\Unity-Technologies\mono\mono\metadata\icall.c:1842:
- Finished resetting the current domain, in  0.298 seconds
Domain Reload Profiling: 779ms
	BeginReloadAssembly (149ms)
		ExecutionOrderSort (0ms)
		DisableScriptedObjects (0ms)
		BackupInstance (0ms)
		ReleaseScriptingObjects (0ms)
		CreateAndSetChildDomain (1ms)
	RebuildCommonClasses (38ms)
	RebuildNativeTypeToScriptingClass (14ms)
	initialDomainReloadingComplete (107ms)
	LoadAllAssembliesAndSetupDomain (173ms)
		LoadAssemblies (145ms)
		RebuildTransferFunctionScriptingTraits (0ms)
		AnalyzeDomain (171ms)
			TypeCache.Refresh (169ms)
				TypeCache.ScanAssembly (155ms)
			BuildScriptInfoCaches (0ms)
			ResolveRequiredComponents (0ms)
	FinalizeReload (298ms)
		ReleaseScriptCaches (0ms)
		RebuildScriptCaches (0ms)
		SetupLoadedEditorAssemblies (251ms)
			LogAssemblyErrors (0ms)
			InitializePlatformSupportModulesInManaged (9ms)
			SetLoadedEditorAssemblies (5ms)
			BeforeProcessingInitializeOnLoad (7ms)
			ProcessInitializeOnLoadAttributes (178ms)
			ProcessInitializeOnLoadMethodAttributes (52ms)
			AfterProcessingInitializeOnLoad (0ms)
			EditorAssembliesLoaded (0ms)
		ExecutionOrderSort2 (0ms)
		AwakeInstancesAfterBackupRestoration (0ms)
========================================================================
Worker process is ready to serve import requests
Import Worker Mode flag is 0x00
Begin MonoManager ReloadAssembly
C:\build\output\Unity-Technologies\mono\mono\metadata\icall.c:1842:
C:\build\output\Unity-Technologies\mono\mono\metadata\icall.c:1842:
C:\build\output\Unity-Technologies\mono\mono\metadata\icall.c:1842:
C:\build\output\Unity-Technologies\mono\mono\metadata\icall.c:1842:
C:\build\output\Unity-Technologies\mono\mono\metadata\icall.c:1842:
C:\build\output\Unity-Technologies\mono\mono\metadata\icall.c:1842:
C:\build\output\Unity-Technologies\mono\mono\metadata\icall.c:1842:
C:\build\output\Unity-Technologies\mono\mono\metadata\icall.c:1842:
C:\build\output\Unity-Technologies\mono\mono\metadata\icall.c:1842:
C:\build\output\Unity-Technologies\mono\mono\metadata\icall.c:1842:
C:\build\output\Unity-Technologies\mono\mono\metadata\icall.c:1842:
C:\build\output\Unity-Technologies\mono\mono\metadata\icall.c:1842:
Symbol file LoadedFromMemory doesn't match image C:\Users\박서연\Desktop\Unity Projects\3DModellingPlace\Library\PackageCache\com.unity.visualscripting@1.8.0\Editor\VisualScripting.Core\Dependencies\YamlDotNet\Unity.VisualScripting.YamlDotNet.dll
Symbol file LoadedFromMemory doesn't match image C:\Users\박서연\Desktop\Unity Projects\3DModellingPlace\Library\PackageCache\com.unity.visualscripting@1.8.0\Editor\VisualScripting.Core\Dependencies\DotNetZip\Unity.VisualScripting.IonicZip.dll
- Loaded All Assemblies, in  0.904 seconds
Refreshing native plugins compatible for Editor in 0.81 ms, found 3 plugins.
Native extension for WindowsStandalone target not found
Mono: successfully reloaded assembly
- Finished resetting the current domain, in  0.941 seconds
Domain Reload Profiling: 1841ms
	BeginReloadAssembly (405ms)
		ExecutionOrderSort (0ms)
		DisableScriptedObjects (6ms)
		BackupInstance (0ms)
		ReleaseScriptingObjects (0ms)
		CreateAndSetChildDomain (28ms)
	RebuildCommonClasses (38ms)
	RebuildNativeTypeToScriptingClass (14ms)
	initialDomainReloadingComplete (38ms)
	LoadAllAssembliesAndSetupDomain (404ms)
		LoadAssemblies (391ms)
		RebuildTransferFunctionScriptingTraits (0ms)
		AnalyzeDomain (189ms)
			TypeCache.Refresh (154ms)
				TypeCache.ScanAssembly (140ms)
			BuildScriptInfoCaches (22ms)
			ResolveRequiredComponents (11ms)
	FinalizeReload (941ms)
		ReleaseScriptCaches (0ms)
		RebuildScriptCaches (0ms)
		SetupLoadedEditorAssemblies (748ms)
			LogAssemblyErrors (0ms)
			InitializePlatformSupportModulesInManaged (2ms)
			SetLoadedEditorAssemblies (5ms)
			BeforeProcessingInitializeOnLoad (52ms)
			ProcessInitializeOnLoadAttributes (661ms)
			ProcessInitializeOnLoadMethodAttributes (22ms)
			AfterProcessingInitializeOnLoad (6ms)
			EditorAssembliesLoaded (0ms)
		ExecutionOrderSort2 (0ms)
		AwakeInstancesAfterBackupRestoration (12ms)
Launched and connected shader compiler UnityShaderCompiler.exe after 0.01 seconds
Refreshing native plugins compatible for Editor in 0.77 ms, found 3 plugins.
Preloading 0 native plugins for Editor in 0.00 ms.
Unloading 33 Unused Serialized files (Serialized files now loaded: 0)
Unloading 3613 unused Assets / (1.2 MB). Loaded Objects now: 4194.
Memory consumption went from 125.2 MB to 124.0 MB.
Total: 5.085900 ms (FindLiveObjects: 0.409800 ms CreateObjectMapping: 0.397300 ms MarkObjects: 3.374500 ms  DeleteObjects: 0.903700 ms)

========================================================================
Received Import Request.
  Time since last request: 447101.186366 seconds.
  path: Assets/Clue_item
  artifactKey: Guid(dfdf4f4e80107a34492d399b5a5f6252) Importer(815301076,1909f56bfc062723c751e8b465ee728b)
Start importing Assets/Clue_item using Guid(dfdf4f4e80107a34492d399b5a5f6252) Importer(815301076,1909f56bfc062723c751e8b465ee728b) (PreviewImporter) -> (artifact id: '4716804389d16f5e11083b119da543f1') in 0.0042774 seconds
Number of updated asset objects reloaded before import = 0Number of asset objects unloaded after import = 0

========================================================================
Received Import Request.
  Time since last request: 0.964674 seconds.
  path: Assets/Clue_item
  artifactKey: Guid(dfdf4f4e80107a34492d399b5a5f6252) Importer(2089858483,192608db42251d675da83286b1cce702)
Start importing Assets/Clue_item using Guid(dfdf4f4e80107a34492d399b5a5f6252) Importer(2089858483,192608db42251d675da83286b1cce702) (ScriptedImporter)Generated GUIDs only implemented for interfaces!
 -> (artifact id: '70c8cab0a5efd2b450722bfdc593214a') in 0.0816371 seconds
Number of updated asset objects reloaded before import = 0Number of asset objects unloaded after import = 1

========================================================================
Received Import Request.
  Time since last request: 3.654126 seconds.
  path: Assets/Clue_item/ProBuilder Data
  artifactKey: Guid(b79dd9100baa40c41ba9b030e6254555) Importer(2089858483,192608db42251d675da83286b1cce702)
Start importing Assets/Clue_item/ProBuilder Data using Guid(b79dd9100baa40c41ba9b030e6254555) Importer(2089858483,192608db42251d675da83286b1cce702) (ScriptedImporter)Generated GUIDs only implemented for interfaces!
 -> (artifact id: '3154907e2ab7956e02d71788b31f083d') in 0.0169905 seconds
Number of updated asset objects reloaded before import = 0Number of asset objects unloaded after import = 1

========================================================================
Received Import Request.
  Time since last request: 0.000067 seconds.
  path: Assets/Clue_item/Scenes/SampleScene.unity
  artifactKey: Guid(9fc0d4010bbf28b4594072e72b8655ab) Importer(2089858483,192608db42251d675da83286b1cce702)
Start importing Assets/Clue_item/Scenes/SampleScene.unity using Guid(9fc0d4010bbf28b4594072e72b8655ab) Importer(2089858483,192608db42251d675da83286b1cce702) (ScriptedImporter)Generated GUIDs only implemented for interfaces!
 -> (artifact id: '88a05e37ceba624311145629853ff63d') in 0.0348659 seconds
Number of updated asset objects reloaded before import = 0Number of asset objects unloaded after import = 1

========================================================================
Received Import Request.
  Time since last request: 0.000039 seconds.
  path: Assets/Clue_item/Materials/coverBackImage.mat
  artifactKey: Guid(60896ffdb6e146541aa5e1006f42ac53) Importer(2089858483,192608db42251d675da83286b1cce702)
Start importing Assets/Clue_item/Materials/coverBackImage.mat using Guid(60896ffdb6e146541aa5e1006f42ac53) Importer(2089858483,192608db42251d675da83286b1cce702) (ScriptedImporter)Generated GUIDs only implemented for interfaces!
 -> (artifact id: '24d801b210d3a01a693b9ea23588de01') in 0.0581669 seconds
Number of updated asset objects reloaded before import = 0Number of asset objects unloaded after import = 2

========================================================================
Received Import Request.
  Time since last request: 0.000023 seconds.
  path: Assets/Clue_item/Polybrush Data/Color Palette
  artifactKey: Guid(16152cd1030ba3846b45436da6dd5646) Importer(2089858483,192608db42251d675da83286b1cce702)
Start importing Assets/Clue_item/Polybrush Data/Color Palette using Guid(16152cd1030ba3846b45436da6dd5646) Importer(2089858483,192608db42251d675da83286b1cce702) (ScriptedImporter)Generated GUIDs only implemented for interfaces!
 -> (artifact id: '533a50d6ded9065d13b94f17db931f25') in 0.010092 seconds
Number of updated asset objects reloaded before import = 0Number of asset objects unloaded after import = 1

========================================================================
Received Import Request.
  Time since last request: 0.000059 seconds.
  path: Assets/Clue_item/Prefabs/monsterWarningMemo.prefab
  artifactKey: Guid(430187631f18d5a42a8a34e1d7c065cd) Importer(2089858483,192608db42251d675da83286b1cce702)
Start importing Assets/Clue_item/Prefabs/monsterWarningMemo.prefab using Guid(430187631f18d5a42a8a34e1d7c065cd) Importer(2089858483,192608db42251d675da83286b1cce702) (ScriptedImporter)Generated GUIDs only implemented for interfaces!
 -> (artifact id: 'a940fba2c1cf3d1fb0630579837fba9b') in 0.0226128 seconds
Number of updated asset objects reloaded before import = 0Number of asset objects unloaded after import = 19

========================================================================
Received Import Request.
  Time since last request: 0.001064 seconds.
  path: Assets/Clue_item/Polybrush Data/Brush Settings
  artifactKey: Guid(88335da9ea244c248903649a214d4075) Importer(2089858483,192608db42251d675da83286b1cce702)
Start importing Assets/Clue_item/Polybrush Data/Brush Settings using Guid(88335da9ea244c248903649a214d4075) Importer(2089858483,192608db42251d675da83286b1cce702) (ScriptedImporter)Generated GUIDs only implemented for interfaces!
 -> (artifact id: 'b596fcf8416df3241d92a0cf391d1404') in 0.0088134 seconds
Number of updated asset objects reloaded before import = 0Number of asset objects unloaded after import = 1

========================================================================
Received Import Request.
  Time since last request: 0.000038 seconds.
  path: Assets/Clue_item/Scenes
  artifactKey: Guid(309a7ae322039f74e93175c76479612b) Importer(2089858483,192608db42251d675da83286b1cce702)
Start importing Assets/Clue_item/Scenes using Guid(309a7ae322039f74e93175c76479612b) Importer(2089858483,192608db42251d675da83286b1cce702) (ScriptedImporter)Generated GUIDs only implemented for interfaces!
 -> (artifact id: 'd1737d95da2dc73147b9e63df6ec463a') in 0.0107694 seconds
Number of updated asset objects reloaded before import = 0Number of asset objects unloaded after import = 1

========================================================================
Received Import Request.
  Time since last request: 0.000042 seconds.
  path: Assets/Clue_item/Materials/tape.mat
  artifactKey: Guid(b10144a20ef79b94598c19bbff93b57c) Importer(2089858483,192608db42251d675da83286b1cce702)
Start importing Assets/Clue_item/Materials/tape.mat using Guid(b10144a20ef79b94598c19bbff93b57c) Importer(2089858483,192608db42251d675da83286b1cce702) (ScriptedImporter)Generated GUIDs only implemented for interfaces!
 -> (artifact id: '6881e9435408d29dbde0ac2b0be5bc14') in 0.0135392 seconds
Number of updated asset objects reloaded before import = 0Number of asset objects unloaded after import = 1

========================================================================
Received Import Request.
  Time since last request: 0.000017 seconds.
  path: Assets/Clue_item/Materials/coverImage.png
  artifactKey: Guid(b4b65f70a6c2f8247b77a12e6ff7b4c7) Importer(2089858483,192608db42251d675da83286b1cce702)
Start importing Assets/Clue_item/Materials/coverImage.png using Guid(b4b65f70a6c2f8247b77a12e6ff7b4c7) Importer(2089858483,192608db42251d675da83286b1cce702) (ScriptedImporter)Generated GUIDs only implemented for interfaces!
 -> (artifact id: 'e1f0fd0b8a8dd3d8fea8cd6b6c4c8671') in 0.0958529 seconds
Number of updated asset objects reloaded before import = 0Number of asset objects unloaded after import = 3

========================================================================
Received Import Request.
  Time since last request: 83.950189 seconds.
  path: Assets/Clue_item/ProBuilder Data
  artifactKey: Guid(b79dd9100baa40c41ba9b030e6254555) Importer(815301076,1909f56bfc062723c751e8b465ee728b)
Start importing Assets/Clue_item/ProBuilder Data using Guid(b79dd9100baa40c41ba9b030e6254555) Importer(815301076,1909f56bfc062723c751e8b465ee728b) (PreviewImporter) -> (artifact id: '0dd3b645fa717cb6af3d2e917a5712a5') in 0.0007499 seconds
Number of updated asset objects reloaded before import = 0Number of asset objects unloaded after import = 0

========================================================================
Received Import Request.
  Time since last request: 0.003694 seconds.
  path: Assets/Clue_item/Polybrush Data/Brush Settings/BrushSettings-Default.asset
  artifactKey: Guid(580a8cbe8e0a0a240bb49501afc74b71) Importer(815301076,1909f56bfc062723c751e8b465ee728b)
Start importing Assets/Clue_item/Polybrush Data/Brush Settings/BrushSettings-Default.asset using Guid(580a8cbe8e0a0a240bb49501afc74b71) Importer(815301076,1909f56bfc062723c751e8b465ee728b) (PreviewImporter) -> (artifact id: 'eed2732e6636cf9d5b47ea27adb795d1') in 0.0154615 seconds
Number of updated asset objects reloaded before import = 0Number of asset objects unloaded after import = 1

========================================================================
Received Import Request.
  Time since last request: 0.005853 seconds.
  path: Assets/Clue_item/Polybrush Data/Prefab Palette/PrefabPalette-Default.asset
  artifactKey: Guid(4be4a0c535a4f4942a1ac85d607d783a) Importer(815301076,1909f56bfc062723c751e8b465ee728b)
Start importing Assets/Clue_item/Polybrush Data/Prefab Palette/PrefabPalette-Default.asset using Guid(4be4a0c535a4f4942a1ac85d607d783a) Importer(815301076,1909f56bfc062723c751e8b465ee728b) (PreviewImporter) -> (artifact id: 'dd79310f16d5279ee6f6aa9b8295af96') in 0.0029109 seconds
Number of updated asset objects reloaded before import = 0Number of asset objects unloaded after import = 1

========================================================================
Received Import Request.
  Time since last request: 0.022450 seconds.
  path: Assets/Clue_item/Materials
  artifactKey: Guid(328fa1497ef00e34282efcc28168b754) Importer(815301076,1909f56bfc062723c751e8b465ee728b)
Start importing Assets/Clue_item/Materials using Guid(328fa1497ef00e34282efcc28168b754) Importer(815301076,1909f56bfc062723c751e8b465ee728b) (PreviewImporter) -> (artifact id: 'ed6aba4f43665838d417345901b75ffc') in 0.0070834 seconds
Number of updated asset objects reloaded before import = 0Number of asset objects unloaded after import = 0

========================================================================
Received Import Request.
  Time since last request: 0.002522 seconds.
  path: Assets/Clue_item/Prefabs
  artifactKey: Guid(70e4d700a4be7bb4981ae43b46b0b031) Importer(815301076,1909f56bfc062723c751e8b465ee728b)
Start importing Assets/Clue_item/Prefabs using Guid(70e4d700a4be7bb4981ae43b46b0b031) Importer(815301076,1909f56bfc062723c751e8b465ee728b) (PreviewImporter) -> (artifact id: '605d14e3b664cccd856b11c81b700476') in 0.0006817 seconds
Number of updated asset objects reloaded before import = 0Number of asset objects unloaded after import = 0

========================================================================
Received Import Request.
  Time since last request: 0.005739 seconds.
  path: Assets/Clue_item/Polybrush Data/Brush Settings
  artifactKey: Guid(88335da9ea244c248903649a214d4075) Importer(815301076,1909f56bfc062723c751e8b465ee728b)
Start importing Assets/Clue_item/Polybrush Data/Brush Settings using Guid(88335da9ea244c248903649a214d4075) Importer(815301076,1909f56bfc062723c751e8b465ee728b) (PreviewImporter) -> (artifact id: 'a6fcddb44e4399bf8dc7df829c90d6b2') in 0.0006563 seconds
Number of updated asset objects reloaded before import = 0Number of asset objects unloaded after import = 0

========================================================================
Received Import Request.
  Time since last request: 0.007558 seconds.
  path: Assets/Clue_item/Scenes
  artifactKey: Guid(309a7ae322039f74e93175c76479612b) Importer(815301076,1909f56bfc062723c751e8b465ee728b)
Start importing Assets/Clue_item/Scenes using Guid(309a7ae322039f74e93175c76479612b) Importer(815301076,1909f56bfc062723c751e8b465ee728b) (PreviewImporter) -> (artifact id: '62c2279d5da7adc0a9c4367010286bae') in 0.0005521 seconds
Number of updated asset objects reloaded before import = 0Number of asset objects unloaded after import = 0

========================================================================
Received Import Request.
  Time since last request: 0.004977 seconds.
  path: Assets/Clue_item/Polybrush Data/Color Palette
  artifactKey: Guid(16152cd1030ba3846b45436da6dd5646) Importer(815301076,1909f56bfc062723c751e8b465ee728b)
Start importing Assets/Clue_item/Polybrush Data/Color Palette using Guid(16152cd1030ba3846b45436da6dd5646) Importer(815301076,1909f56bfc062723c751e8b465ee728b) (PreviewImporter) -> (artifact id: '4888cd91b92ca16eac5c3ea692b4bade') in 0.0006259 seconds
Number of updated asset objects reloaded before import = 0Number of asset objects unloaded after import = 0

========================================================================
Received Import Request.
  Time since last request: 0.005899 seconds.
  path: Assets/Clue_item/Polybrush Data/Color Palette/ColorPalette-Default.asset
  artifactKey: Guid(8bed1ef87c001494cb6d20d91190d99b) Importer(815301076,1909f56bfc062723c751e8b465ee728b)
Start importing Assets/Clue_item/Polybrush Data/Color Palette/ColorPalette-Default.asset using Guid(8bed1ef87c001494cb6d20d91190d99b) Importer(815301076,1909f56bfc062723c751e8b465ee728b) (PreviewImporter) -> (artifact id: 'af7f718a4eb944c5681c50eed624e359') in 0.0014832 seconds
Number of updated asset objects reloaded before import = 0Number of asset objects unloaded after import = 1

========================================================================
Received Import Request.
  Time since last request: 0.021262 seconds.
  path: Assets/Clue_item/Polybrush Data/Prefab Palette
  artifactKey: Guid(8199be1aefdd30343a242d4aadae681d) Importer(815301076,1909f56bfc062723c751e8b465ee728b)
Start importing Assets/Clue_item/Polybrush Data/Prefab Palette using Guid(8199be1aefdd30343a242d4aadae681d) Importer(815301076,1909f56bfc062723c751e8b465ee728b) (PreviewImporter) -> (artifact id: '7a0a4c91a3dd11e9e191ab6b4afceb1f') in 0.0004892 seconds
Number of updated asset objects reloaded before import = 0Number of asset objects unloaded after import = 0

========================================================================
Received Import Request.
  Time since last request: 0.009267 seconds.
  path: Assets/Clue_item/Polybrush Data
  artifactKey: Guid(b85e09d02c8b4c346857a977f0304a06) Importer(815301076,1909f56bfc062723c751e8b465ee728b)
Start importing Assets/Clue_item/Polybrush Data using Guid(b85e09d02c8b4c346857a977f0304a06) Importer(815301076,1909f56bfc062723c751e8b465ee728b) (PreviewImporter) -> (artifact id: '41fb42b6c16150c38a2f6cdee2de1d41') in 0.0004707 seconds
Number of updated asset objects reloaded before import = 0Number of asset objects unloaded after import = 0

========================================================================
Received Import Request.
  Time since last request: 278.466390 seconds.
  path: Assets/Clue_item/Prefabs/monsterWarningMemo.prefab
  artifactKey: Guid(430187631f18d5a42a8a34e1d7c065cd) Importer(2089858483,192608db42251d675da83286b1cce702)
Start importing Assets/Clue_item/Prefabs/monsterWarningMemo.prefab using Guid(430187631f18d5a42a8a34e1d7c065cd) Importer(2089858483,192608db42251d675da83286b1cce702) (ScriptedImporter)Generated GUIDs only implemented for interfaces!
 -> (artifact id: '0ca12fdbb8d3db0c74a176ebb91de2a1') in 0.0118729 seconds
Number of updated asset objects reloaded before import = 0Number of asset objects unloaded after import = 19

========================================================================
Received Import Request.
  Time since last request: 4.606822 seconds.
  path: Assets/Clue_item/Prefabs/monsterWarningMemo.prefab
  artifactKey: Guid(430187631f18d5a42a8a34e1d7c065cd) Importer(2089858483,192608db42251d675da83286b1cce702)
Start importing Assets/Clue_item/Prefabs/monsterWarningMemo.prefab using Guid(430187631f18d5a42a8a34e1d7c065cd) Importer(2089858483,192608db42251d675da83286b1cce702) (ScriptedImporter)Generated GUIDs only implemented for interfaces!
 -> (artifact id: '3d8b9491e7a59c4e80676f565975cff3') in 0.0397742 seconds
Number of updated asset objects reloaded before import = 0Number of asset objects unloaded after import = 19

========================================================================
Received Import Request.
  Time since last request: 6.018424 seconds.
  path: Assets/Clue_item/Prefabs/monsterWarningMemo.prefab
  artifactKey: Guid(430187631f18d5a42a8a34e1d7c065cd) Importer(2089858483,192608db42251d675da83286b1cce702)
Start importing Assets/Clue_item/Prefabs/monsterWarningMemo.prefab using Guid(430187631f18d5a42a8a34e1d7c065cd) Importer(2089858483,192608db42251d675da83286b1cce702) (ScriptedImporter)Generated GUIDs only implemented for interfaces!
 -> (artifact id: '87142b05a6a9cfbf83c9e42298ba25a9') in 0.013032 seconds
Number of updated asset objects reloaded before import = 0Number of asset objects unloaded after import = 19

========================================================================
Received Import Request.
  Time since last request: 9.990857 seconds.
  path: Assets/Clue_item/Prefabs/monsterWarningMemo.prefab
  artifactKey: Guid(430187631f18d5a42a8a34e1d7c065cd) Importer(2089858483,192608db42251d675da83286b1cce702)
Start importing Assets/Clue_item/Prefabs/monsterWarningMemo.prefab using Guid(430187631f18d5a42a8a34e1d7c065cd) Importer(2089858483,192608db42251d675da83286b1cce702) (ScriptedImporter)Generated GUIDs only implemented for interfaces!
 -> (artifact id: '506bd52e277b74e174b8245871f834cb') in 0.0118332 seconds
Number of updated asset objects reloaded before import = 0Number of asset objects unloaded after import = 19

